* using log directory ‘/home/saqib/datascience/SJSUStats/MATH-267A/CategoricalDataAnalysis.Rcheck’
* using R version 3.4.2 (2017-09-28)
* using platform: x86_64-pc-linux-gnu (64-bit)
* using session charset: UTF-8
* using option ‘--as-cran’
* checking for file ‘CategoricalDataAnalysis/DESCRIPTION’ ... OK
* checking extension type ... Package
* this is package ‘CategoricalDataAnalysis’ version ‘1.0’
* checking CRAN incoming feasibility ... NOTE
Maintainer: ‘Who to complain to <yourfault@somewhere.net>’

New submission

Package has help file(s) containing build-stage \Sexpr{} expressions but no 'build/partial.rdb' file.

Checking URLs failed with message:
/home/saqib/datascience/SJSUStats/MATH-267A/CategoricalDataAnalysis/man/CategoricalDataAnalysis-package.Rd:6: file './DESCRIPTION' does not exist

The build time stamp is missing.
* checking package namespace information ... OK
* checking package dependencies ... OK
* checking if this is a source package ... OK
* checking if there is a namespace ... OK
* checking for executable files ... OK
* checking for hidden files and directories ... OK
* checking for portable file names ... OK
* checking for sufficient/correct file permissions ... OK
* checking whether package ‘CategoricalDataAnalysis’ can be installed ... WARNING
Found the following significant warnings:
  Warning: /home/saqib/datascience/SJSUStats/MATH-267A/CategoricalDataAnalysis/man/CategoricalDataAnalysis-package.Rd:26: All text must be in a section
See ‘/home/saqib/datascience/SJSUStats/MATH-267A/CategoricalDataAnalysis.Rcheck/00install.out’ for details.
* checking installed package size ... OK
* checking package directory ... OK
* checking DESCRIPTION meta-information ... NOTE
Malformed Description field: should contain one or more complete sentences.
Checking should be performed on sources prepared by ‘R CMD build’.
* checking top-level files ... OK
* checking for left-over files ... OK
* checking index information ... OK
* checking package subdirectories ... OK
* checking R files for non-ASCII characters ... OK
* checking R files for syntax errors ... OK
* checking whether the package can be loaded ... OK
* checking whether the package can be loaded with stated dependencies ... OK
* checking whether the package can be unloaded cleanly ... OK
* checking whether the namespace can be loaded with stated dependencies ... OK
* checking whether the namespace can be unloaded cleanly ... OK
* checking loading without being on the library search path ... OK
* checking use of S3 registration ... OK
* checking dependencies in R code ... OK
* checking S3 generic/method consistency ... WARNING
plot:
  function(x, ...)
plot.local.or:
  function(m, col)

See section ‘Generic functions and methods’ in the ‘Writing R
Extensions’ manual.

Found the following apparent S3 methods exported but not registered:
  plot.local.or
See section ‘Registering S3 methods’ in the ‘Writing R Extensions’
manual.
* checking replacement functions ... OK
* checking foreign function calls ... OK
* checking R code for possible problems ... NOTE
catbarchart : plot_hist: no visible global function definition for
  ‘ggplot’
catbarchart : plot_hist: no visible global function definition for
  ‘aes’
catbarchart : plot_hist: no visible binding for global variable
  ‘..count..’
catbarchart : plot_hist: no visible global function definition for
  ‘geom_bar’
catbarchart : plot_hist: no visible global function definition for
  ‘xlab’
catbarchart : plot_hist: no visible global function definition for
  ‘scale_fill_discrete’
catbarchart: no visible global function definition for ‘grid.arrange’
chisq.indep: no visible global function definition for ‘qchisq’
plot.local.or: no visible global function definition for ‘par’
plot.local.or: no visible global function definition for ‘fourfoldplot’
Undefined global functions or variables:
  ..count.. aes fourfoldplot geom_bar ggplot grid.arrange par qchisq
  scale_fill_discrete xlab
Consider adding
  importFrom("graphics", "fourfoldplot", "par")
  importFrom("stats", "qchisq")
to your NAMESPACE file.
* checking Rd files ... WARNING
prepare_Rd: CategoricalDataAnalysis-package.Rd:26: All text must be in a section
prepare_Rd: CategoricalDataAnalysis-package.Rd:32-34: Dropping empty section \examples
prepare_Rd: catbarchart.Rd:7-9: Dropping empty section \description
prepare_Rd: catbarchart.Rd:19-21: Dropping empty section \details
prepare_Rd: catbarchart.Rd:22-28: Dropping empty section \value
prepare_Rd: catbarchart.Rd:35-37: Dropping empty section \note
prepare_Rd: catbarchart.Rd:32-34: Dropping empty section \author
prepare_Rd: catbarchart.Rd:29-31: Dropping empty section \references
prepare_Rd: catbarchart.Rd:41-43: Dropping empty section \seealso
checkRd: (5) catbarchart.Rd:0-66: Must have a \description
prepare_Rd: chisq.indep.Rd:7-9: Dropping empty section \description
prepare_Rd: chisq.indep.Rd:28-30: Dropping empty section \details
prepare_Rd: chisq.indep.Rd:31-37: Dropping empty section \value
prepare_Rd: chisq.indep.Rd:44-46: Dropping empty section \note
prepare_Rd: chisq.indep.Rd:41-43: Dropping empty section \author
prepare_Rd: chisq.indep.Rd:38-40: Dropping empty section \references
prepare_Rd: chisq.indep.Rd:50-52: Dropping empty section \seealso
checkRd: (5) chisq.indep.Rd:0-89: Must have a \description
prepare_Rd: continous2categorical.Rd:21-23: Dropping empty section \details
prepare_Rd: continous2categorical.Rd:24-30: Dropping empty section \value
prepare_Rd: continous2categorical.Rd:37-39: Dropping empty section \note
prepare_Rd: continous2categorical.Rd:34-36: Dropping empty section \author
prepare_Rd: continous2categorical.Rd:31-33: Dropping empty section \references
prepare_Rd: continous2categorical.Rd:43-45: Dropping empty section \seealso
prepare_Rd: count_mat.Rd:7-9: Dropping empty section \description
prepare_Rd: count_mat.Rd:19-21: Dropping empty section \details
prepare_Rd: count_mat.Rd:22-28: Dropping empty section \value
prepare_Rd: count_mat.Rd:35-37: Dropping empty section \note
prepare_Rd: count_mat.Rd:32-34: Dropping empty section \author
prepare_Rd: count_mat.Rd:29-31: Dropping empty section \references
prepare_Rd: count_mat.Rd:41-43: Dropping empty section \seealso
checkRd: (5) count_mat.Rd:0-78: Must have a \description
prepare_Rd: crabs.Rd:8-10: Dropping empty section \description
prepare_Rd: crabs.Rd:22-24: Dropping empty section \details
prepare_Rd: crabs.Rd:25-27: Dropping empty section \source
prepare_Rd: crabs.Rd:28-30: Dropping empty section \references
checkRd: (5) crabs.Rd:0-36: Must have a \description
prepare_Rd: crabs2.Rd:10-12: Dropping empty section \description
prepare_Rd: crabs2.Rd:24-26: Dropping empty section \details
prepare_Rd: crabs2.Rd:27-29: Dropping empty section \source
prepare_Rd: crabs2.Rd:30-32: Dropping empty section \references
checkRd: (5) crabs2.Rd:0-38: Must have a \description
prepare_Rd: odds.ratios.Rd:7-9: Dropping empty section \description
prepare_Rd: odds.ratios.Rd:22-24: Dropping empty section \details
prepare_Rd: odds.ratios.Rd:25-31: Dropping empty section \value
prepare_Rd: odds.ratios.Rd:38-40: Dropping empty section \note
prepare_Rd: odds.ratios.Rd:35-37: Dropping empty section \author
prepare_Rd: odds.ratios.Rd:32-34: Dropping empty section \references
prepare_Rd: odds.ratios.Rd:44-46: Dropping empty section \seealso
checkRd: (5) odds.ratios.Rd:0-87: Must have a \description
prepare_Rd: plot.local.or.Rd:7-9: Dropping empty section \description
prepare_Rd: plot.local.or.Rd:22-24: Dropping empty section \details
prepare_Rd: plot.local.or.Rd:25-31: Dropping empty section \value
prepare_Rd: plot.local.or.Rd:38-40: Dropping empty section \note
prepare_Rd: plot.local.or.Rd:35-37: Dropping empty section \author
prepare_Rd: plot.local.or.Rd:32-34: Dropping empty section \references
prepare_Rd: plot.local.or.Rd:44-46: Dropping empty section \seealso
checkRd: (5) plot.local.or.Rd:0-71: Must have a \description
* checking Rd metadata ... OK
* checking Rd line widths ... OK
* checking Rd cross-references ... WARNING
Unknown package ‘<pkg>’ in Rd xrefs
* checking for missing documentation entries ... OK
* checking for code/documentation mismatches ... OK
* checking Rd \usage sections ... NOTE
S3 methods shown with full name in documentation object 'plot.local.or':
  ‘plot.local.or’

The \usage entries for S3 methods should use the \method markup and not
their full name.
See chapter ‘Writing R documentation files’ in the ‘Writing R
Extensions’ manual.
* checking Rd contents ... OK
* checking for unstated dependencies in examples ... OK
* checking contents of ‘data’ directory ... OK
* checking data for non-ASCII characters ... OK
* checking data for ASCII and uncompressed saves ... OK
* checking examples ... OK
* checking PDF version of manual ... WARNING
LaTeX errors when creating PDF version.
This typically indicates Rd problems.
* checking PDF version of manual without hyperrefs or index ... OK
* DONE
Status: 5 WARNINGs, 4 NOTEs
